{"message":"cannot find type `unsize` in this scope","code":{"code":"E0412","explanation":"A used type name is not in scope.\n\nErroneous code examples:\n\n```compile_fail,E0412\nimpl Something {} // error: type name `Something` is not in scope\n\n// or:\n\ntrait Foo {\n    fn bar(N); // error: type name `N` is not in scope\n}\n\n// or:\n\nfn foo(x: T) {} // type name `T` is not in scope\n```\n\nTo fix this error, please verify you didn't misspell the type name, you did\ndeclare it or imported it into the scope. Examples:\n\n```\nstruct Something;\n\nimpl Something {} // ok!\n\n// or:\n\ntrait Foo {\n    type N;\n\n    fn bar(_: Self::N); // ok!\n}\n\n// or:\n\nfn foo<T>(x: T) {} // ok!\n```\n\nAnother case that causes this error is when a type is imported into a parent\nmodule. To fix this, you can follow the suggestion and use File directly or\n`use super::File;` which will import the types from the parent namespace. An\nexample that causes this error is below:\n\n```compile_fail,E0412\nuse std::fs::File;\n\nmod foo {\n    fn some_function(f: File) {}\n}\n```\n\n```\nuse std::fs::File;\n\nmod foo {\n    // either\n    use super::File;\n    // or\n    // use std::fs::File;\n    fn foo(f: File) {}\n}\n# fn main() {} // don't insert it for us; that'll break imports\n```\n"},"level":"error","spans":[{"file_name":"src\\args.rs","byte_start":18,"byte_end":24,"line_start":1,"line_end":1,"column_start":19,"column_end":25,"is_primary":true,"text":[{"text":"fn get_nth_arg(n: unsize) -> String {","highlight_start":19,"highlight_end":25}],"label":null,"suggested_replacement":null,"suggestion_applicability":null,"expansion":null}],"children":[{"message":"a builtin type with a similar name exists","code":null,"level":"help","spans":[{"file_name":"src\\args.rs","byte_start":18,"byte_end":24,"line_start":1,"line_end":1,"column_start":19,"column_end":25,"is_primary":true,"text":[{"text":"fn get_nth_arg(n: unsize) -> String {","highlight_start":19,"highlight_end":25}],"label":null,"suggested_replacement":"usize","suggestion_applicability":"MaybeIncorrect","expansion":null}],"children":[],"rendered":null}],"rendered":"\u001b[0m\u001b[1m\u001b[38;5;9merror[E0412]\u001b[0m\u001b[0m\u001b[1m\u001b[38;5;15m: cannot find type `unsize` in this scope\u001b[0m\n\u001b[0m \u001b[0m\u001b[0m\u001b[1m\u001b[38;5;14m--> \u001b[0m\u001b[0msrc\\args.rs:1:19\u001b[0m\n\u001b[0m  \u001b[0m\u001b[0m\u001b[1m\u001b[38;5;14m|\u001b[0m\n\u001b[0m\u001b[1m\u001b[38;5;14m1\u001b[0m\u001b[0m \u001b[0m\u001b[0m\u001b[1m\u001b[38;5;14m|\u001b[0m\u001b[0m \u001b[0m\u001b[0mfn get_nth_arg(n: unsize) -> String {\u001b[0m\n\u001b[0m  \u001b[0m\u001b[0m\u001b[1m\u001b[38;5;14m| \u001b[0m\u001b[0m                  \u001b[0m\u001b[0m\u001b[1m\u001b[38;5;9m^^^^^^\u001b[0m\u001b[0m \u001b[0m\u001b[0m\u001b[1m\u001b[38;5;9mhelp: a builtin type with a similar name exists: `usize`\u001b[0m\n\n"}
{"message":"`args::Args` doesn't implement `Debug`","code":{"code":"E0277","explanation":"You tried to use a type which doesn't implement some trait in a place which\nexpected that trait.\n\nErroneous code example:\n\n```compile_fail,E0277\n// here we declare the Foo trait with a bar method\ntrait Foo {\n    fn bar(&self);\n}\n\n// we now declare a function which takes an object implementing the Foo trait\nfn some_func<T: Foo>(foo: T) {\n    foo.bar();\n}\n\nfn main() {\n    // we now call the method with the i32 type, which doesn't implement\n    // the Foo trait\n    some_func(5i32); // error: the trait bound `i32 : Foo` is not satisfied\n}\n```\n\nIn order to fix this error, verify that the type you're using does implement\nthe trait. Example:\n\n```\ntrait Foo {\n    fn bar(&self);\n}\n\n// we implement the trait on the i32 type\nimpl Foo for i32 {\n    fn bar(&self) {}\n}\n\nfn some_func<T: Foo>(foo: T) {\n    foo.bar(); // we can now use this method since i32 implements the\n               // Foo trait\n}\n\nfn main() {\n    some_func(5i32); // ok!\n}\n```\n\nOr in a generic context, an erroneous code example would look like:\n\n```compile_fail,E0277\nfn some_func<T>(foo: T) {\n    println!(\"{:?}\", foo); // error: the trait `core::fmt::Debug` is not\n                           //        implemented for the type `T`\n}\n\nfn main() {\n    // We now call the method with the i32 type,\n    // which *does* implement the Debug trait.\n    some_func(5i32);\n}\n```\n\nNote that the error here is in the definition of the generic function. Although\nwe only call it with a parameter that does implement `Debug`, the compiler\nstill rejects the function. It must work with all possible input types. In\norder to make this example compile, we need to restrict the generic type we're\naccepting:\n\n```\nuse std::fmt;\n\n// Restrict the input type to types that implement Debug.\nfn some_func<T: fmt::Debug>(foo: T) {\n    println!(\"{:?}\", foo);\n}\n\nfn main() {\n    // Calling the method is still fine, as i32 implements Debug.\n    some_func(5i32);\n\n    // This would fail to compile now:\n    // struct WithoutDebug;\n    // some_func(WithoutDebug);\n}\n```\n\nRust only looks at the signature of the called function, as such it must\nalready specify all requirements that will be used for every type parameter.\n"},"level":"error","spans":[{"file_name":"src\\main.rs","byte_start":183,"byte_end":187,"line_start":9,"line_end":9,"column_start":22,"column_end":26,"is_primary":true,"text":[{"text":"    println!(\"{:?}\", args);","highlight_start":22,"highlight_end":26}],"label":"`args::Args` cannot be formatted using `{:?}`","suggested_replacement":null,"suggestion_applicability":null,"expansion":{"span":{"file_name":"C:\\Users\\wiktor\\.rustup\\toolchains\\stable-x86_64-pc-windows-msvc\\lib/rustlib/src/rust\\library\\std\\src\\macros.rs","byte_start":4158,"byte_end":4191,"line_start":136,"line_end":136,"column_start":28,"column_end":61,"is_primary":false,"text":[{"text":"        $crate::io::_print($crate::format_args_nl!($($arg)*));","highlight_start":28,"highlight_end":61}],"label":null,"suggested_replacement":null,"suggestion_applicability":null,"expansion":{"span":{"file_name":"src\\main.rs","byte_start":166,"byte_end":188,"line_start":9,"line_end":9,"column_start":5,"column_end":27,"is_primary":false,"text":[{"text":"    println!(\"{:?}\", args);","highlight_start":5,"highlight_end":27}],"label":null,"suggested_replacement":null,"suggestion_applicability":null,"expansion":null},"macro_decl_name":"println!","def_site_span":{"file_name":"C:\\Users\\wiktor\\.rustup\\toolchains\\stable-x86_64-pc-windows-msvc\\lib/rustlib/src/rust\\library\\std\\src\\macros.rs","byte_start":4036,"byte_end":4056,"line_start":131,"line_end":131,"column_start":1,"column_end":21,"is_primary":false,"text":[{"text":"macro_rules! println {","highlight_start":1,"highlight_end":21}],"label":null,"suggested_replacement":null,"suggestion_applicability":null,"expansion":null}}},"macro_decl_name":"$crate::format_args_nl!","def_site_span":{"file_name":"C:\\Users\\wiktor\\.rustup\\toolchains\\stable-x86_64-pc-windows-msvc\\lib/rustlib/src/rust\\library\\core\\src\\macros\\mod.rs","byte_start":31203,"byte_end":31230,"line_start":907,"line_end":907,"column_start":5,"column_end":32,"is_primary":false,"text":[{"text":"    macro_rules! format_args_nl {","highlight_start":5,"highlight_end":32}],"label":null,"suggested_replacement":null,"suggestion_applicability":null,"expansion":null}}}],"children":[{"message":"the trait `Debug` is not implemented for `args::Args`","code":null,"level":"help","spans":[],"children":[],"rendered":null},{"message":"add `#[derive(Debug)]` to `args::Args` or manually `impl Debug for args::Args`","code":null,"level":"note","spans":[],"children":[],"rendered":null},{"message":"consider annotating `args::Args` with `#[derive(Debug)]`","code":null,"level":"help","spans":[{"file_name":"src\\args.rs","byte_start":83,"byte_end":83,"line_start":5,"line_end":5,"column_start":2,"column_end":2,"is_primary":true,"text":[{"text":" pub struct Args {","highlight_start":2,"highlight_end":2}],"label":null,"suggested_replacement":"#[derive(Debug)]\n","suggestion_applicability":"MaybeIncorrect","expansion":null}],"children":[],"rendered":null}],"rendered":"\u001b[0m\u001b[1m\u001b[38;5;9merror[E0277]\u001b[0m\u001b[0m\u001b[1m\u001b[38;5;15m: `args::Args` doesn't implement `Debug`\u001b[0m\n\u001b[0m \u001b[0m\u001b[0m\u001b[1m\u001b[38;5;14m--> \u001b[0m\u001b[0msrc\\main.rs:9:22\u001b[0m\n\u001b[0m  \u001b[0m\u001b[0m\u001b[1m\u001b[38;5;14m|\u001b[0m\n\u001b[0m\u001b[1m\u001b[38;5;14m9\u001b[0m\u001b[0m \u001b[0m\u001b[0m\u001b[1m\u001b[38;5;14m|\u001b[0m\u001b[0m \u001b[0m\u001b[0m    println!(\"{:?}\", args);\u001b[0m\n\u001b[0m  \u001b[0m\u001b[0m\u001b[1m\u001b[38;5;14m| \u001b[0m\u001b[0m                     \u001b[0m\u001b[0m\u001b[1m\u001b[38;5;9m^^^^\u001b[0m\u001b[0m \u001b[0m\u001b[0m\u001b[1m\u001b[38;5;9m`args::Args` cannot be formatted using `{:?}`\u001b[0m\n\u001b[0m  \u001b[0m\u001b[0m\u001b[1m\u001b[38;5;14m|\u001b[0m\n\u001b[0m  \u001b[0m\u001b[0m\u001b[1m\u001b[38;5;14m= \u001b[0m\u001b[0m\u001b[1m\u001b[38;5;15mhelp\u001b[0m\u001b[0m: the trait `Debug` is not implemented for `args::Args`\u001b[0m\n\u001b[0m  \u001b[0m\u001b[0m\u001b[1m\u001b[38;5;14m= \u001b[0m\u001b[0m\u001b[1m\u001b[38;5;15mnote\u001b[0m\u001b[0m: add `#[derive(Debug)]` to `args::Args` or manually `impl Debug for args::Args`\u001b[0m\n\u001b[0m  \u001b[0m\u001b[0m\u001b[1m\u001b[38;5;14m= \u001b[0m\u001b[0m\u001b[1m\u001b[38;5;15mnote\u001b[0m\u001b[0m: this error originates in the macro `$crate::format_args_nl` which comes from the expansion of the macro `println` (in Nightly builds, run with -Z macro-backtrace for more info)\u001b[0m\n\u001b[0m\u001b[1m\u001b[38;5;14mhelp\u001b[0m\u001b[0m: consider annotating `args::Args` with `#[derive(Debug)]`\u001b[0m\n\u001b[0m \u001b[0m\u001b[0m\u001b[1m\u001b[38;5;14m--> \u001b[0m\u001b[0msrc\\args.rs:5:2\u001b[0m\n\u001b[0m  \u001b[0m\u001b[0m\u001b[1m\u001b[38;5;14m|\u001b[0m\n\u001b[0m\u001b[1m\u001b[38;5;14m5\u001b[0m\u001b[0m \u001b[0m\u001b[0m\u001b[1m\u001b[38;5;14m| \u001b[0m\u001b[0m \u001b[0m\u001b[0m\u001b[38;5;10m#[derive(Debug)]\u001b[0m\n\u001b[0m  \u001b[0m\u001b[0m\u001b[1m\u001b[38;5;14m|\u001b[0m\n\n"}
{"message":"aborting due to 2 previous errors","code":null,"level":"error","spans":[],"children":[],"rendered":"\u001b[0m\u001b[1m\u001b[38;5;9merror\u001b[0m\u001b[0m\u001b[1m\u001b[38;5;15m: aborting due to 2 previous errors\u001b[0m\n\n"}
{"message":"Some errors have detailed explanations: E0277, E0412.","code":null,"level":"failure-note","spans":[],"children":[],"rendered":"\u001b[0m\u001b[1m\u001b[38;5;15mSome errors have detailed explanations: E0277, E0412.\u001b[0m\n"}
{"message":"For more information about an error, try `rustc --explain E0277`.","code":null,"level":"failure-note","spans":[],"children":[],"rendered":"\u001b[0m\u001b[1m\u001b[38;5;15mFor more information about an error, try `rustc --explain E0277`.\u001b[0m\n"}
